0 info it worked if it ends with ok
1 verbose cli [ '/usr/local/bin/node',
1 verbose cli   '/usr/local/bin/npm',
1 verbose cli   'install',
1 verbose cli   'http-server',
1 verbose cli   '-g' ]
2 info using npm@2.15.9
3 info using node@v4.5.0
4 verbose install initial load of /usr/local/lib/package.json
5 verbose readDependencies loading dependencies from /usr/local/lib/package.json
6 silly cache add args [ 'http-server', null ]
7 verbose cache add spec http-server
8 silly cache add parsed spec Result {
8 silly cache add   raw: 'http-server',
8 silly cache add   scope: null,
8 silly cache add   name: 'http-server',
8 silly cache add   rawSpec: '',
8 silly cache add   spec: 'latest',
8 silly cache add   type: 'tag' }
9 silly addNamed http-server@latest
10 verbose addNamed "latest" is being treated as a dist-tag for http-server
11 info addNameTag [ 'http-server', 'latest' ]
12 silly mapToRegistry name http-server
13 silly mapToRegistry using default registry
14 silly mapToRegistry registry https://registry.npmjs.org/
15 silly mapToRegistry data Result {
15 silly mapToRegistry   raw: 'http-server',
15 silly mapToRegistry   scope: null,
15 silly mapToRegistry   name: 'http-server',
15 silly mapToRegistry   rawSpec: '',
15 silly mapToRegistry   spec: 'latest',
15 silly mapToRegistry   type: 'tag' }
16 silly mapToRegistry uri https://registry.npmjs.org/http-server
17 verbose addNameTag registry:https://registry.npmjs.org/http-server not in flight; fetching
18 verbose request uri https://registry.npmjs.org/http-server
19 verbose request no auth needed
20 info attempt registry request try #1 at 3:36:57 PM
21 verbose request id f1d94062e0ca8cb1
22 verbose etag W/"5874efaf-ec14"
23 verbose lastModified Tue, 10 Jan 2017 14:29:03 GMT
24 http request GET https://registry.npmjs.org/http-server
25 http 304 https://registry.npmjs.org/http-server
26 verbose headers { date: 'Thu, 12 Jan 2017 20:36:57 GMT',
26 verbose headers   via: '1.1 varnish',
26 verbose headers   'cache-control': 'max-age=300',
26 verbose headers   etag: 'W/"5874efaf-ec14"',
26 verbose headers   age: '191',
26 verbose headers   connection: 'keep-alive',
26 verbose headers   'x-served-by': 'cache-sea1925-SEA',
26 verbose headers   'x-cache': 'HIT',
26 verbose headers   'x-cache-hits': '1',
26 verbose headers   'x-timer': 'S1484253417.859393,VS0,VE0',
26 verbose headers   vary: 'Accept-Encoding' }
27 silly get cb [ 304,
27 silly get   { date: 'Thu, 12 Jan 2017 20:36:57 GMT',
27 silly get     via: '1.1 varnish',
27 silly get     'cache-control': 'max-age=300',
27 silly get     etag: 'W/"5874efaf-ec14"',
27 silly get     age: '191',
27 silly get     connection: 'keep-alive',
27 silly get     'x-served-by': 'cache-sea1925-SEA',
27 silly get     'x-cache': 'HIT',
27 silly get     'x-cache-hits': '1',
27 silly get     'x-timer': 'S1484253417.859393,VS0,VE0',
27 silly get     vary: 'Accept-Encoding' } ]
28 verbose etag https://registry.npmjs.org/http-server from cache
29 verbose get saving http-server to /Users/amandarichwalski/.npm/registry.npmjs.org/http-server/.cache.json
30 verbose correctMkdir /Users/amandarichwalski/.npm correctMkdir not in flight; initializing
31 silly addNameTag next cb for http-server with tag latest
32 silly addNamed http-server@0.9.0
33 verbose addNamed "0.9.0" is a plain semver version for http-server
34 silly cache afterAdd http-server@0.9.0
35 verbose afterAdd /Users/amandarichwalski/.npm/http-server/0.9.0/package/package.json not in flight; writing
36 verbose correctMkdir /Users/amandarichwalski/.npm correctMkdir not in flight; initializing
37 verbose afterAdd /Users/amandarichwalski/.npm/http-server/0.9.0/package/package.json written
38 silly install resolved [ { name: 'http-server',
38 silly install resolved     version: '0.9.0',
38 silly install resolved     description: 'A simple zero-configuration command-line http server',
38 silly install resolved     main: './lib/http-server',
38 silly install resolved     repository:
38 silly install resolved      { type: 'git',
38 silly install resolved        url: 'git://github.com/indexzero/http-server.git' },
38 silly install resolved     keywords: [ 'cli', 'command' ],
38 silly install resolved     scripts:
38 silly install resolved      { start: 'node ./bin/http-server',
38 silly install resolved        pretest: 'common bin/http-server lib/ test',
38 silly install resolved        test: 'vows --spec --isolate' },
38 silly install resolved     contributors:
38 silly install resolved      [ [Object],
38 silly install resolved        [Object],
38 silly install resolved        [Object],
38 silly install resolved        [Object],
38 silly install resolved        [Object],
38 silly install resolved        [Object],
38 silly install resolved        [Object],
38 silly install resolved        [Object],
38 silly install resolved        [Object],
38 silly install resolved        [Object] ],
38 silly install resolved     dependencies:
38 silly install resolved      { colors: '1.0.3',
38 silly install resolved        corser: '~2.0.0',
38 silly install resolved        ecstatic: '^1.4.0',
38 silly install resolved        'http-proxy': '^1.8.1',
38 silly install resolved        opener: '~1.4.0',
38 silly install resolved        optimist: '0.6.x',
38 silly install resolved        portfinder: '0.4.x',
38 silly install resolved        union: '~0.4.3' },
38 silly install resolved     devDependencies: { 'common-style': '^3.0.0', request: '2.49.x', vows: '0.7.x' },
38 silly install resolved     bugs: { url: 'https://github.com/nodeapps/http-server/issues' },
38 silly install resolved     license: 'MIT',
38 silly install resolved     preferGlobal: 'true',
38 silly install resolved     bin: { 'http-server': './bin/http-server', hs: './bin/http-server' },
38 silly install resolved     gitHead: '1a8552c5e028bd5500027ee940111133927a4e94',
38 silly install resolved     homepage: 'https://github.com/indexzero/http-server#readme',
38 silly install resolved     _id: 'http-server@0.9.0',
38 silly install resolved     _shasum: '8f1b06bdc733618d4dc42831c7ba1aff4e06001a',
38 silly install resolved     _from: 'http-server@latest',
38 silly install resolved     _npmVersion: '3.7.1',
38 silly install resolved     _nodeVersion: '4.2.2',
38 silly install resolved     _npmUser: { name: 'indexzero', email: 'charlie.robbins@gmail.com' },
38 silly install resolved     maintainers: [ [Object] ],
38 silly install resolved     dist:
38 silly install resolved      { shasum: '8f1b06bdc733618d4dc42831c7ba1aff4e06001a',
38 silly install resolved        tarball: 'https://registry.npmjs.org/http-server/-/http-server-0.9.0.tgz' },
38 silly install resolved     _npmOperationalInternal:
38 silly install resolved      { host: 'packages-6-west.internal.npmjs.com',
38 silly install resolved        tmp: 'tmp/http-server-0.9.0.tgz_1455864708425_0.19514421350322664' },
38 silly install resolved     directories: {},
38 silly install resolved     _resolved: 'https://registry.npmjs.org/http-server/-/http-server-0.9.0.tgz',
38 silly install resolved     readme: 'ERROR: No README data found!' } ]
39 info install http-server@0.9.0 into /usr/local/lib
40 info installOne http-server@0.9.0
41 verbose installOne of http-server to /usr/local/lib not in flight; installing
42 verbose correctMkdir /Users/amandarichwalski/.npm/_locks correctMkdir not in flight; initializing
43 verbose lock using /Users/amandarichwalski/.npm/_locks/http-server-ae30c9ae1f4c5eaa.lock for /usr/local/lib/node_modules/http-server
44 silly install write writing http-server 0.9.0 to /usr/local/lib/node_modules/http-server
45 verbose unbuild lib/node_modules/http-server
46 silly gentlyRm /usr/local/lib/node_modules/http-server is being purged from base /usr/local
47 verbose gentlyRm don't care about contents; nuking /usr/local/lib/node_modules/http-server
48 verbose tar unpack /Users/amandarichwalski/.npm/http-server/0.9.0/package.tgz
49 verbose tar unpacking to /usr/local/lib/node_modules/http-server
50 silly gentlyRm /usr/local/lib/node_modules/http-server is being purged
51 verbose gentlyRm don't care about contents; nuking /usr/local/lib/node_modules/http-server
52 silly gunzTarPerm modes [ '755', '644' ]
53 error tar.unpack untar error /Users/amandarichwalski/.npm/http-server/0.9.0/package.tgz
54 verbose unlock done using /Users/amandarichwalski/.npm/_locks/http-server-ae30c9ae1f4c5eaa.lock for /usr/local/lib/node_modules/http-server
55 verbose fstream_path /usr/local/lib/node_modules/http-server
56 verbose fstream_type Directory
57 verbose fstream_class DirWriter
58 verbose stack Error: EACCES: permission denied, mkdir '/usr/local/lib/node_modules/http-server'
58 verbose stack     at Error (native)
59 verbose fstream_stack /usr/local/lib/node_modules/npm/node_modules/fstream/lib/dir-writer.js:35:25
59 verbose fstream_stack /usr/local/lib/node_modules/npm/node_modules/mkdirp/index.js:47:53
59 verbose fstream_stack FSReqWrap.oncomplete (fs.js:82:15)
60 verbose cwd /Users/amandarichwalski/Desktop/expense-tracker
61 error Darwin 15.2.0
62 error argv "/usr/local/bin/node" "/usr/local/bin/npm" "install" "http-server" "-g"
63 error node v4.5.0
64 error npm  v2.15.9
65 error path /usr/local/lib/node_modules/http-server
66 error code EACCES
67 error errno -13
68 error syscall mkdir
69 error Error: EACCES: permission denied, mkdir '/usr/local/lib/node_modules/http-server'
69 error     at Error (native)
69 error  { [Error: EACCES: permission denied, mkdir '/usr/local/lib/node_modules/http-server']
69 error   errno: -13,
69 error   code: 'EACCES',
69 error   syscall: 'mkdir',
69 error   path: '/usr/local/lib/node_modules/http-server',
69 error   fstream_type: 'Directory',
69 error   fstream_path: '/usr/local/lib/node_modules/http-server',
69 error   fstream_class: 'DirWriter',
69 error   fstream_stack:
69 error    [ '/usr/local/lib/node_modules/npm/node_modules/fstream/lib/dir-writer.js:35:25',
69 error      '/usr/local/lib/node_modules/npm/node_modules/mkdirp/index.js:47:53',
69 error      'FSReqWrap.oncomplete (fs.js:82:15)' ] }
70 error Please try running this command again as root/Administrator.
71 verbose exit [ -13, true ]
72 verbose unbuild lib/node_modules/http-server
73 silly gentlyRm /usr/local/lib/node_modules/http-server is being purged from base /usr/local
74 verbose gentlyRm don't care about contents; nuking /usr/local/lib/node_modules/http-server
